Change Physical Footprint: Designator=C1 Old Footprint=CAP-SMD-0805 New Footprint=CAP-SMD-0805
Change Physical Footprint: Designator=C2 Old Footprint=CAP_AL_DIP_18X35 New Footprint=CAP_AL_DIP_18X35
Change Physical Footprint: Designator=C3 Old Footprint=CAP_AL_DIP_18X35 New Footprint=CAP_AL_DIP_18X35
Change Physical Footprint: Designator=C4 Old Footprint=CAP_NON_200mil New Footprint=CAP_NON_200mil
Change Physical Footprint: Designator=C5 Old Footprint=CAP_SMD_G New Footprint=CAP_SMD_G
Change Physical Footprint: Designator=C6 Old Footprint=CAP_NON_200mil New Footprint=CAP_NON_200mil
Change Physical Footprint: Designator=C7 Old Footprint=CAP-SMD-0805 New Footprint=CAP-SMD-0805
Change Physical Footprint: Designator=C8 Old Footprint=CAP-SMD-0805 New Footprint=CAP-SMD-0805
Change Physical Footprint: Designator=C9 Old Footprint=CAP_NON_200mil New Footprint=CAP_NON_200mil
Change Physical Footprint: Designator=C10 Old Footprint=CAP_NON_200mil New Footprint=CAP_NON_200mil
Change Physical Footprint: Designator=C11 Old Footprint=CAP_AL_DIP_8x11.5 New Footprint=CAP_AL_DIP_8x11.5
Change Physical Footprint: Designator=C12 Old Footprint=CAP_AL_DIP_5x11 New Footprint=CAP_AL_DIP_5x11
Change Physical Footprint: Designator=C13 Old Footprint=CAP-SMD-0805 New Footprint=CAP-SMD-0805
Change Physical Footprint: Designator=C14 Old Footprint=CAP-SMD-0805 New Footprint=CAP-SMD-0805
Change Physical Footprint: Designator=C15 Old Footprint=CAP-SMD-0805 New Footprint=CAP-SMD-0805
Change Physical Footprint: Designator=C16 Old Footprint=CAP-SMD-0805 New Footprint=CAP-SMD-0805
Change Physical Footprint: Designator=C17 Old Footprint=CAP-SMD-0805 New Footprint=CAP-SMD-0805
Change Physical Footprint: Designator=C18 Old Footprint=CAP_SMD_F New Footprint=CAP_SMD_F
Change Physical Footprint: Designator=C19 Old Footprint=CAP-SMD-0805 New Footprint=CAP-SMD-0805
Change Physical Footprint: Designator=C20 Old Footprint=CAP_NON_200mil New Footprint=CAP_NON_200mil
Change Physical Footprint: Designator=C21 Old Footprint=CAP-SMD-0805 New Footprint=CAP-SMD-0805
Change Physical Footprint: Designator=C22 Old Footprint=CAP-SMD-0805 New Footprint=CAP-SMD-0805
Change Physical Footprint: Designator=C23 Old Footprint=CAP_NON_200mil New Footprint=CAP_NON_200mil
Change Physical Footprint: Designator=C24 Old Footprint=CAP-SMD-0805 New Footprint=CAP-SMD-0805
Change Physical Footprint: Designator=D1 Old Footprint=DO-214AC New Footprint=DO-214AC
Change Physical Footprint: Designator=D2 Old Footprint=DIO-SMD-123 New Footprint=DIO-SMD-123
Change Physical Footprint: Designator=D3 Old Footprint=DIO-SMD-123 New Footprint=DIO-SMD-123
Change Physical Footprint: Designator=D4 Old Footprint=DO-214AC New Footprint=DO-214AC
Change Physical Footprint: Designator=D5 Old Footprint=DIO-SMD-123 New Footprint=DIO-SMD-123
Change Physical Footprint: Designator=D6 Old Footprint=DIO-SMD-123 New Footprint=DIO-SMD-123
Change Physical Footprint: Designator=D7 Old Footprint=DIO-SMD-123 New Footprint=DIO-SMD-123
Change Physical Footprint: Designator=F1 Old Footprint=FUSE_SMD_DIP New Footprint=FUSE_SMD_DIP
Change Physical Footprint: Designator=J1 Old Footprint=Header 2P New Footprint=Header 2P
Change Physical Footprint: Designator=J2 Old Footprint=KF2/5.08 New Footprint=KF2/5.08
Change Physical Footprint: Designator=J4 Old Footprint=Header 2P New Footprint=Header 2P
Change Physical Footprint: Designator=L1 Old Footprint=IND_4426_COUPLED New Footprint=IND_4426_COUPLED
Change Physical Footprint: Designator=M1 Old Footprint=Header 2P New Footprint=Header 2P
Change Physical Footprint: Designator=M2 Old Footprint=Header 2P New Footprint=Header 2P
Change Physical Footprint: Designator=M3 Old Footprint=ESP32-S-Footprint New Footprint=ESP32-S-Footprint
Change Physical Footprint: Designator=Q1 Old Footprint=SOT23(123) New Footprint=SOT23(123)
Change Physical Footprint: Designator=Q2 Old Footprint=TO252AA New Footprint=TO252AA
Change Physical Footprint: Designator=Q3 Old Footprint=SOT23(123) New Footprint=SOT23(123)
Change Physical Footprint: Designator=R1 Old Footprint=RES_330_SMD_0805 New Footprint=RES_330_SMD_0805
Change Physical Footprint: Designator=R2 Old Footprint=RES_10K_SMD_0805 New Footprint=RES_10K_SMD_0805
Change Physical Footprint: Designator=R3 Old Footprint=RES_100_SMD_2512 New Footprint=RES_100_SMD_2512
Change Physical Footprint: Designator=R4 Old Footprint=RES_10K_SMD_0805 New Footprint=RES_10K_SMD_0805
Change Physical Footprint: Designator=R5 Old Footprint=RES_10K_SMD_0805 New Footprint=RES_10K_SMD_0805
Change Physical Footprint: Designator=R6 Old Footprint=RES_10K_SMD_0805 New Footprint=RES_10K_SMD_0805
Change Physical Footprint: Designator=R7 Old Footprint=RES_10K_SMD_0805 New Footprint=RES_10K_SMD_0805
Change Physical Footprint: Designator=R8 Old Footprint=RES_20K_SMD_0805 New Footprint=RES_20K_SMD_0805
Change Physical Footprint: Designator=R9 Old Footprint=RES_10K_SMD_0805 New Footprint=RES_10K_SMD_0805
Change Physical Footprint: Designator=R10 Old Footprint=RES_10K_SMD_0805 New Footprint=RES_10K_SMD_0805
Change Physical Footprint: Designator=R11 Old Footprint=RES_10K_SMD_0805 New Footprint=RES_10K_SMD_0805
Change Physical Footprint: Designator=R12 Old Footprint=RES_20K_SMD_0805 New Footprint=RES_20K_SMD_0805
Change Physical Footprint: Designator=R13 Old Footprint=RES_10K_SMD_0805 New Footprint=RES_10K_SMD_0805
Change Physical Footprint: Designator=R14 Old Footprint=RES_1K_5W_AXIAL_1000MIL New Footprint=RES_1K_5W_AXIAL_1000MIL
Change Physical Footprint: Designator=R15 Old Footprint=RES_10K_SMD_0805 New Footprint=RES_10K_SMD_0805
Change Physical Footprint: Designator=R16 Old Footprint=RES_10K_SMD_0805 New Footprint=RES_10K_SMD_0805
Change Physical Footprint: Designator=R17 Old Footprint=RES_10K_SMD_0805 New Footprint=RES_10K_SMD_0805
Change Physical Footprint: Designator=R18 Old Footprint=RES_5K6_SMD_0805 New Footprint=RES_5K6_SMD_0805
Change Physical Footprint: Designator=R19 Old Footprint=RES_5K6_SMD_0805 New Footprint=RES_5K6_SMD_0805
Change Physical Footprint: Designator=R20 Old Footprint=RES_5K6_SMD_0805 New Footprint=RES_5K6_SMD_0805
Change Physical Footprint: Designator=R21 Old Footprint=RES_1K2_SMD_0805 New Footprint=RES_1K2_SMD_0805
Change Physical Footprint: Designator=R22 Old Footprint=RES_3K_SMD_0805 New Footprint=RES_3K_SMD_0805
Change Physical Footprint: Designator=R23 Old Footprint=RES_5K6_SMD_0805 New Footprint=RES_5K6_SMD_0805
Change Physical Footprint: Designator=R24 Old Footprint=RES_120K_SMD_0805 New Footprint=RES_120K_SMD_0805
Change Physical Footprint: Designator=R25 Old Footprint=RES_3K_SMD_0805 New Footprint=RES_3K_SMD_0805
Change Physical Footprint: Designator=R26 Old Footprint=RES_5K6_SMD_0805 New Footprint=RES_5K6_SMD_0805
Change Physical Footprint: Designator=R27 Old Footprint=RES_3K_SMD_0805 New Footprint=RES_3K_SMD_0805
Change Physical Footprint: Designator=R28 Old Footprint=RES_3K_SMD_0805 New Footprint=RES_3K_SMD_0805
Change Physical Footprint: Designator=R29 Old Footprint=RES_20K_SMD_0805 New Footprint=RES_20K_SMD_0805
Change Physical Footprint: Designator=R30 Old Footprint=RES_1K2_SMD_0805 New Footprint=RES_1K2_SMD_0805
Change Physical Footprint: Designator=R31 Old Footprint=RES_3K_SMD_0805 New Footprint=RES_3K_SMD_0805
Change Physical Footprint: Designator=R32 Old Footprint=RES_3K_SMD_0805 New Footprint=RES_3K_SMD_0805
Change Physical Footprint: Designator=R33 Old Footprint=RES_5K6_SMD_0805 New Footprint=RES_5K6_SMD_0805
Change Physical Footprint: Designator=R34 Old Footprint=RES_3K_SMD_0805 New Footprint=RES_3K_SMD_0805
Change Physical Footprint: Designator=R35 Old Footprint=RES_3K_SMD_0805 New Footprint=RES_3K_SMD_0805
Change Physical Footprint: Designator=U1 Old Footprint=SOIC-8S New Footprint=SOIC-8S
Change Physical Footprint: Designator=U2 Old Footprint=TO263 New Footprint=TO263
Change Physical Footprint: Designator=U3 Old Footprint=SOIC-8S New Footprint=SOIC-8S
Change Physical Footprint: Designator=U4 Old Footprint=TO252AA New Footprint=TO252AA
Change Physical Footprint: Designator=U5 Old Footprint=DIP4 New Footprint=DIP4
Change Physical Footprint: Designator=U6 Old Footprint=SOT23(132) New Footprint=SOT23(132)
Change Physical Footprint: Designator=U7 Old Footprint=DIP4 New Footprint=DIP4
Change Physical Footprint: Designator=U8 Old Footprint=DIP4 New Footprint=DIP4
Change Physical Footprint: Designator=U9 Old Footprint=TO252AA New Footprint=TO252AA
Change Physical Footprint: Designator=U10 Old Footprint=TO252AA New Footprint=TO252AA
Change Physical Footprint: Designator=U11 Old Footprint=SOT23(132) New Footprint=SOT23(132)
Change Physical Footprint: Designator=U12 Old Footprint=DIP4 New Footprint=DIP4
Change Physical Footprint: Designator=Z1 Old Footprint=DIO-SMD-123 New Footprint=DIO-SMD-123
Change Physical Footprint: Designator=Z2 Old Footprint=DIO-SMD-123 New Footprint=DIO-SMD-123
