Removed Pin From Net: NetName=+5V_UNREG Pin=C7-1
Removed Pin From Net: NetName=GND Pin=C7-2
Removed Pin From Net: NetName=+5V_REG Pin=C15-1
Removed Pin From Net: NetName=GND Pin=C15-2
Removed Pin From Net: NetName=+5V_UNREG Pin=C16-1
Removed Pin From Net: NetName=GND Pin=C16-2
Removed Pin From Net: NetName=+3V3_REG Pin=C17-1
Removed Pin From Net: NetName=GND Pin=C17-2
Removed Pin From Net: NetName=+5V_REG Pin=C19-1
Removed Pin From Net: NetName=GND Pin=C19-2
Change Component Footprint: Designator=C7 Old Footprint=CAP_NON_200mil New Footprint=CAP-SMD-0805
Change Component Footprint: Designator=C15 Old Footprint=CAP_NON_200mil New Footprint=CAP-SMD-0805
Change Component Footprint: Designator=C16 Old Footprint=CAP_NON_200mil New Footprint=CAP-SMD-0805
Change Component Footprint: Designator=C17 Old Footprint=CAP_NON_200mil New Footprint=CAP-SMD-0805
Change Component Footprint: Designator=C19 Old Footprint=CAP_NON_200mil New Footprint=CAP-SMD-0805
Change component parameters: Designator = "C7"; Footprint = "CAP-SMD-0805"; UniqueID = "\VSLVYUCK"
Change component parameters. Clean all parameters for all variants
Change component parameters (AddParameter): Name = "ComponentLink1Description"; Value = "Datasheet"; VariantName = "[No Variations]"
Change component parameters (AddParameter): Name = "ComponentLink1URL"; Value = "E:\NEW_DATA\ELECTRONIC_DOCUMENT\DATASHEET\1723208.pdf"; VariantName = "[No Variations]"
Change component parameters (AddParameter): Name = "Container"; Value = "Capacitors_Box"; VariantName = "[No Variations]"
Change component parameters (AddParameter): Name = "Label"; Value = "0805-100NF"; VariantName = "[No Variations]"
Change component parameters (AddParameter): Name = "Manufacturer"; Value = "https://shopee.vn/Set-100-T%E1%BB%A5-%C4%90i%E1%BB%87n-G%E1%BB%91m-0805-SMD-100pF-47uF-100pF-1nF-10nF-100nF-0.1uF-1uF-2.2uF-4.7uF-10uF-22uF-i.778834786.13694429713"; VariantName = "[No Variations]"
Change component parameters (AddParameter): Name = "Package"; Value = "SMD"; VariantName = "[No Variations]"
Change component parameters (AddParameter): Name = "Price"; Value = "0.006"; VariantName = "[No Variations]"
Change component parameters (AddParameter): Name = "Stock"; Value = "76"; VariantName = "[No Variations]"
Change component parameters (AddParameter): Name = "Temperature Range"; Value = "-55 to +125 degC"; VariantName = "[No Variations]"
Change component parameters: Designator = "C15"; Footprint = "CAP-SMD-0805"; UniqueID = "\KXUFWRGP"
Change component parameters. Clean all parameters for all variants
Change component parameters (AddParameter): Name = "ComponentLink1Description"; Value = "Datasheet"; VariantName = "[No Variations]"
Change component parameters (AddParameter): Name = "ComponentLink1URL"; Value = "E:\NEW_DATA\ELECTRONIC_DOCUMENT\DATASHEET\1723208.pdf"; VariantName = "[No Variations]"
Change component parameters (AddParameter): Name = "Container"; Value = "Capacitors_Box"; VariantName = "[No Variations]"
Change component parameters (AddParameter): Name = "Label"; Value = "0805-100NF"; VariantName = "[No Variations]"
Change component parameters (AddParameter): Name = "Manufacturer"; Value = "https://shopee.vn/Set-100-T%E1%BB%A5-%C4%90i%E1%BB%87n-G%E1%BB%91m-0805-SMD-100pF-47uF-100pF-1nF-10nF-100nF-0.1uF-1uF-2.2uF-4.7uF-10uF-22uF-i.778834786.13694429713"; VariantName = "[No Variations]"
Change component parameters (AddParameter): Name = "Package"; Value = "SMD"; VariantName = "[No Variations]"
Change component parameters (AddParameter): Name = "Price"; Value = "0.006"; VariantName = "[No Variations]"
Change component parameters (AddParameter): Name = "Stock"; Value = "76"; VariantName = "[No Variations]"
Change component parameters (AddParameter): Name = "Temperature Range"; Value = "-55 to +125 degC"; VariantName = "[No Variations]"
Change component parameters: Designator = "C16"; Footprint = "CAP-SMD-0805"; UniqueID = "\LCYSJMTM"
Change component parameters. Clean all parameters for all variants
Change component parameters (AddParameter): Name = "ComponentLink1Description"; Value = "Datasheet"; VariantName = "[No Variations]"
Change component parameters (AddParameter): Name = "ComponentLink1URL"; Value = "E:\NEW_DATA\ELECTRONIC_DOCUMENT\DATASHEET\1723208.pdf"; VariantName = "[No Variations]"
Change component parameters (AddParameter): Name = "Container"; Value = "Capacitors_Box"; VariantName = "[No Variations]"
Change component parameters (AddParameter): Name = "Label"; Value = "0805-100NF"; VariantName = "[No Variations]"
Change component parameters (AddParameter): Name = "Manufacturer"; Value = "https://shopee.vn/Set-100-T%E1%BB%A5-%C4%90i%E1%BB%87n-G%E1%BB%91m-0805-SMD-100pF-47uF-100pF-1nF-10nF-100nF-0.1uF-1uF-2.2uF-4.7uF-10uF-22uF-i.778834786.13694429713"; VariantName = "[No Variations]"
Change component parameters (AddParameter): Name = "Package"; Value = "SMD"; VariantName = "[No Variations]"
Change component parameters (AddParameter): Name = "Price"; Value = "0.006"; VariantName = "[No Variations]"
Change component parameters (AddParameter): Name = "Stock"; Value = "76"; VariantName = "[No Variations]"
Change component parameters (AddParameter): Name = "Temperature Range"; Value = "-55 to +125 degC"; VariantName = "[No Variations]"
Change component parameters: Designator = "C17"; Footprint = "CAP-SMD-0805"; UniqueID = "\JOPCCRBD"
Change component parameters. Clean all parameters for all variants
Change component parameters (AddParameter): Name = "ComponentLink1Description"; Value = "Datasheet"; VariantName = "[No Variations]"
Change component parameters (AddParameter): Name = "ComponentLink1URL"; Value = "E:\NEW_DATA\ELECTRONIC_DOCUMENT\DATASHEET\1723208.pdf"; VariantName = "[No Variations]"
Change component parameters (AddParameter): Name = "Container"; Value = "Capacitors_Box"; VariantName = "[No Variations]"
Change component parameters (AddParameter): Name = "Label"; Value = "0805-100NF"; VariantName = "[No Variations]"
Change component parameters (AddParameter): Name = "Manufacturer"; Value = "https://shopee.vn/Set-100-T%E1%BB%A5-%C4%90i%E1%BB%87n-G%E1%BB%91m-0805-SMD-100pF-47uF-100pF-1nF-10nF-100nF-0.1uF-1uF-2.2uF-4.7uF-10uF-22uF-i.778834786.13694429713"; VariantName = "[No Variations]"
Change component parameters (AddParameter): Name = "Package"; Value = "SMD"; VariantName = "[No Variations]"
Change component parameters (AddParameter): Name = "Price"; Value = "0.006"; VariantName = "[No Variations]"
Change component parameters (AddParameter): Name = "Stock"; Value = "76"; VariantName = "[No Variations]"
Change component parameters (AddParameter): Name = "Temperature Range"; Value = "-55 to +125 degC"; VariantName = "[No Variations]"
Change component parameters: Designator = "C19"; Footprint = "CAP-SMD-0805"; UniqueID = "\SJTDQPFT"
Change component parameters. Clean all parameters for all variants
Change component parameters (AddParameter): Name = "ComponentLink1Description"; Value = "Datasheet"; VariantName = "[No Variations]"
Change component parameters (AddParameter): Name = "ComponentLink1URL"; Value = "E:\NEW_DATA\ELECTRONIC_DOCUMENT\DATASHEET\1723208.pdf"; VariantName = "[No Variations]"
Change component parameters (AddParameter): Name = "Container"; Value = "Capacitors_Box"; VariantName = "[No Variations]"
Change component parameters (AddParameter): Name = "Label"; Value = "0805-100NF"; VariantName = "[No Variations]"
Change component parameters (AddParameter): Name = "Manufacturer"; Value = "https://shopee.vn/Set-100-T%E1%BB%A5-%C4%90i%E1%BB%87n-G%E1%BB%91m-0805-SMD-100pF-47uF-100pF-1nF-10nF-100nF-0.1uF-1uF-2.2uF-4.7uF-10uF-22uF-i.778834786.13694429713"; VariantName = "[No Variations]"
Change component parameters (AddParameter): Name = "Package"; Value = "SMD"; VariantName = "[No Variations]"
Change component parameters (AddParameter): Name = "Price"; Value = "0.006"; VariantName = "[No Variations]"
Change component parameters (AddParameter): Name = "Stock"; Value = "76"; VariantName = "[No Variations]"
Change component parameters (AddParameter): Name = "Temperature Range"; Value = "-55 to +125 degC"; VariantName = "[No Variations]"
Added Pin To Net: NetName=GND Pin=C7-1
Added Pin To Net: NetName=+5V_REG Pin=C7-2
Added Pin To Net: NetName=GND Pin=C15-1
Added Pin To Net: NetName=+5V_UNREG Pin=C15-2
Added Pin To Net: NetName=GND Pin=C16-1
Added Pin To Net: NetName=+5V_REG Pin=C16-2
Added Pin To Net: NetName=GND Pin=C17-1
Added Pin To Net: NetName=+5V_UNREG Pin=C17-2
Added Pin To Net: NetName=GND Pin=C19-1
Added Pin To Net: NetName=+3V3_REG Pin=C19-2
Added Pin To Net: NetName=V+ Pin=U1-4
Added Pin To Net: NetName=V+ Pin=U1-8
Added Member To Class: ClassName=[SCH]_Main Member=Component C2 4700uF
Added Member To Class: ClassName=[SCH]_Main Member=Component U5 PC817C
